c:\users\admin\documents\kim\class\dx\dx2d_2409\dx2d_2409\x64\debug\vc143.pdb
c:\users\admin\documents\kim\class\dx\dx2d_2409\dx2d_2409\x64\debug\vc143.idb
c:\users\admin\documents\kim\class\dx\dx2d_2409\dx2d_2409\x64\debug\robotaction.obj
c:\users\admin\documents\kim\class\dx\dx2d_2409\dx2d_2409\x64\debug\robot.obj
c:\users\admin\documents\kim\class\dx\dx2d_2409\dx2d_2409\x64\debug\mario.obj
c:\users\admin\documents\kim\class\dx\dx2d_2409\dx2d_2409\x64\debug\brickmanager.obj
c:\users\admin\documents\kim\class\dx\dx2d_2409\dx2d_2409\x64\debug\scenemanager.obj
c:\users\admin\documents\kim\class\dx\dx2d_2409\dx2d_2409\x64\debug\utility.obj
c:\users\admin\documents\kim\class\dx\dx2d_2409\dx2d_2409\x64\debug\tinyxml2.obj
c:\users\admin\documents\kim\class\dx\dx2d_2409\dx2d_2409\x64\debug\timer.obj
c:\users\admin\documents\kim\class\dx\dx2d_2409\dx2d_2409\x64\debug\keyboard.obj
c:\users\admin\documents\kim\class\dx\dx2d_2409\dx2d_2409\x64\debug\font.obj
c:\users\admin\documents\kim\class\dx\dx2d_2409\dx2d_2409\x64\debug\binarywriter.obj
c:\users\admin\documents\kim\class\dx\dx2d_2409\dx2d_2409\x64\debug\binaryreader.obj
c:\users\admin\documents\kim\class\dx\dx2d_2409\dx2d_2409\x64\debug\texture.obj
c:\users\admin\documents\kim\class\dx\dx2d_2409\dx2d_2409\x64\debug\shader.obj
c:\users\admin\documents\kim\class\dx\dx2d_2409\dx2d_2409\x64\debug\material.obj
c:\users\admin\documents\kim\class\dx\dx2d_2409\dx2d_2409\x64\debug\frame.obj
c:\users\admin\documents\kim\class\dx\dx2d_2409\dx2d_2409\x64\debug\clip.obj
c:\users\admin\documents\kim\class\dx\dx2d_2409\dx2d_2409\x64\debug\environment.obj
c:\users\admin\documents\kim\class\dx\dx2d_2409\dx2d_2409\x64\debug\camera.obj
c:\users\admin\documents\kim\class\dx\dx2d_2409\dx2d_2409\x64\debug\dx2d_2409.obj
c:\users\admin\documents\kim\class\dx\dx2d_2409\dx2d_2409\x64\debug\gamemanager.obj
c:\users\admin\documents\kim\class\dx\dx2d_2409\dx2d_2409\x64\debug\mesh.obj
c:\users\admin\documents\kim\class\dx\dx2d_2409\dx2d_2409\x64\debug\transform.obj
c:\users\admin\documents\kim\class\dx\dx2d_2409\dx2d_2409\x64\debug\gamemath.obj
c:\users\admin\documents\kim\class\dx\dx2d_2409\dx2d_2409\x64\debug\collider.obj
c:\users\admin\documents\kim\class\dx\dx2d_2409\dx2d_2409\x64\debug\circlecollider.obj
c:\users\admin\documents\kim\class\dx\dx2d_2409\dx2d_2409\x64\debug\boxcollider.obj
c:\users\admin\documents\kim\class\dx\dx2d_2409\dx2d_2409\x64\debug\imageobject.obj
c:\users\admin\documents\kim\class\dx\dx2d_2409\dx2d_2409\x64\debug\effectmanager.obj
c:\users\admin\documents\kim\class\dx\dx2d_2409\dx2d_2409\x64\debug\effect.obj
c:\users\admin\documents\kim\class\dx\dx2d_2409\dx2d_2409\x64\debug\action.obj
c:\users\admin\documents\kim\class\dx\dx2d_2409\dx2d_2409\x64\debug\linecollider.obj
c:\users\admin\documents\kim\class\dx\dx2d_2409\dx2d_2409\x64\debug\controlbar.obj
c:\users\admin\documents\kim\class\dx\dx2d_2409\dx2d_2409\x64\debug\blockmanager.obj
c:\users\admin\documents\kim\class\dx\dx2d_2409\dx2d_2409\x64\debug\block.obj
c:\users\admin\documents\kim\class\dx\dx2d_2409\dx2d_2409\x64\debug\ball.obj
c:\users\admin\documents\kim\class\dx\dx2d_2409\dx2d_2409\x64\debug\robotshoot.obj
c:\users\admin\documents\kim\class\dx\dx2d_2409\dx2d_2409\x64\debug\robotrun.obj
c:\users\admin\documents\kim\class\dx\dx2d_2409\dx2d_2409\x64\debug\robotmove.obj
c:\users\admin\documents\kim\class\dx\dx2d_2409\dx2d_2409\x64\debug\robotjump.obj
c:\users\admin\documents\kim\class\dx\dx2d_2409\dx2d_2409\x64\debug\shootingscene.obj
c:\users\admin\documents\kim\class\dx\dx2d_2409\dx2d_2409\x64\debug\shaderscene.obj
c:\users\admin\documents\kim\class\dx\dx2d_2409\dx2d_2409\x64\debug\collisionscene.obj
c:\users\admin\documents\kim\class\dx\dx2d_2409\dx2d_2409\x64\debug\breakoutscene.obj
c:\users\admin\documents\kim\class\dx\dx2d_2409\dx2d_2409\x64\debug\animationscene.obj
c:\users\admin\documents\kim\class\dx\dx2d_2409\dx2d_2409\x64\debug\acadescene.obj
c:\users\admin\documents\kim\class\dx\dx2d_2409\dx2d_2409\x64\debug\slider.obj
c:\users\admin\documents\kim\class\dx\dx2d_2409\dx2d_2409\x64\debug\button.obj
c:\users\admin\documents\kim\class\dx\dx2d_2409\dx2d_2409\x64\debug\player.obj
c:\users\admin\documents\kim\class\dx\dx2d_2409\dx2d_2409\x64\debug\bulletmanager.obj
c:\users\admin\documents\kim\class\dx\dx2d_2409\dx2d_2409\x64\debug\bullet.obj
c:\users\admin\documents\kim\class\dx\dx2d_2409\dx2d_2409\x64\debug\eventmanager.obj
c:\users\admin\documents\kim\class\dx\dx2d_2409\dx2d_2409\x64\debug\datamanager.obj
c:\users\admin\documents\kim\class\dx\dx2d_2409\dx2d_2409\x64\debug\store.obj
c:\users\admin\documents\kim\class\dx\dx2d_2409\dx2d_2409\x64\debug\item.obj
c:\users\admin\documents\kim\class\dx\dx2d_2409\dx2d_2409\x64\debug\inventory.obj
c:\users\admin\documents\kim\class\dx\dx2d_2409\dx2d_2409\x64\debug\rigidbodyobject.obj
c:\users\admin\documents\kim\class\dx\dx2d_2409\dx2d_2409\x64\debug\quad.obj
c:\users\admin\documents\kim\class\dx\dx2d_2409\dx2d_2409\x64\debug\poly.obj
c:\users\admin\documents\kim\class\dx\dx2d_2409\dx2d_2409\x64\debug\gameobject.obj
c:\users\admin\documents\kim\class\dx\dx2d_2409\dx2d_2409\x64\debug\robotmelee.obj
c:\users\admin\documents\kim\class\dx\dx2d_2409\dx2d_2409\x64\debug\uiscene.obj
c:\users\admin\documents\kim\class\dx\dx2d_2409\dx2d_2409\x64\debug\texturescene.obj
c:\users\admin\documents\kim\class\dx\dx2d_2409\dx2d_2409\x64\debug\dx2d_2409.pch
c:\users\admin\documents\kim\class\dx\dx2d_2409\dx2d_2409\x64\debug\framework.obj
c:\users\admin\documents\kim\class\dx\dx2d_2409\dx2d_2409\x64\debug\constbuffer.obj
c:\users\admin\documents\kim\class\dx\dx2d_2409\x64\debug\collider.cso
c:\users\admin\documents\kim\class\dx\dx2d_2409\x64\debug\slider.cso
c:\users\admin\documents\kim\class\dx\dx2d_2409\x64\debug\texture.cso
c:\users\admin\documents\kim\class\dx\dx2d_2409\x64\debug\tutorial.cso
c:\users\admin\documents\kim\class\dx\dx2d_2409\x64\debug\filter.cso
c:\users\admin\documents\kim\class\dx\dx2d_2409\x64\debug\multi.cso
c:\users\admin\documents\kim\class\dx\dx2d_2409\x64\debug\dx2d_2409.exe
c:\users\admin\documents\kim\class\dx\dx2d_2409\x64\debug\dx2d_2409.pdb
c:\users\admin\documents\kim\class\dx\dx2d_2409\dx2d_2409\x64\debug\dx2d_2409.res
c:\users\admin\documents\kim\class\dx\dx2d_2409\dx2d_2409\x64\debug\dx2d_2409.ilk
c:\users\admin\documents\kim\class\dx\dx2d_2409\dx2d_2409\x64\debug\dx2d_2409.tlog\cl.command.1.tlog
c:\users\admin\documents\kim\class\dx\dx2d_2409\dx2d_2409\x64\debug\dx2d_2409.tlog\cl.items.tlog
c:\users\admin\documents\kim\class\dx\dx2d_2409\dx2d_2409\x64\debug\dx2d_2409.tlog\cl.read.1.tlog
c:\users\admin\documents\kim\class\dx\dx2d_2409\dx2d_2409\x64\debug\dx2d_2409.tlog\cl.write.1.tlog
c:\users\admin\documents\kim\class\dx\dx2d_2409\dx2d_2409\x64\debug\dx2d_2409.tlog\fxc.command.1.tlog
c:\users\admin\documents\kim\class\dx\dx2d_2409\dx2d_2409\x64\debug\dx2d_2409.tlog\fxc.read.1.tlog
c:\users\admin\documents\kim\class\dx\dx2d_2409\dx2d_2409\x64\debug\dx2d_2409.tlog\fxc.write.1.tlog
c:\users\admin\documents\kim\class\dx\dx2d_2409\dx2d_2409\x64\debug\dx2d_2409.tlog\link.command.1.tlog
c:\users\admin\documents\kim\class\dx\dx2d_2409\dx2d_2409\x64\debug\dx2d_2409.tlog\link.read.1.tlog
c:\users\admin\documents\kim\class\dx\dx2d_2409\dx2d_2409\x64\debug\dx2d_2409.tlog\link.secondary.1.tlog
c:\users\admin\documents\kim\class\dx\dx2d_2409\dx2d_2409\x64\debug\dx2d_2409.tlog\link.write.1.tlog
c:\users\admin\documents\kim\class\dx\dx2d_2409\dx2d_2409\x64\debug\dx2d_2409.tlog\rc.command.1.tlog
c:\users\admin\documents\kim\class\dx\dx2d_2409\dx2d_2409\x64\debug\dx2d_2409.tlog\rc.read.1.tlog
c:\users\admin\documents\kim\class\dx\dx2d_2409\dx2d_2409\x64\debug\dx2d_2409.tlog\rc.write.1.tlog
